0 info it worked if it ends with ok
1 verbose cli [ '/usr/bin/node', '/usr/bin/npm', 'install', 'node' ]
2 info using npm@3.5.2
3 info using node@v8.10.0
4 silly loadCurrentTree Starting
5 silly install loadCurrentTree
6 silly install readLocalPackageData
7 silly fetchPackageMetaData node
8 silly fetchNamedPackageData node
9 silly mapToRegistry name node
10 silly mapToRegistry using default registry
11 silly mapToRegistry registry https://registry.npmjs.org/
12 silly mapToRegistry uri https://registry.npmjs.org/node
13 verbose request uri https://registry.npmjs.org/node
14 verbose request no auth needed
15 info attempt registry request try #1 at 09:22:08
16 verbose request id 73b65eeb8091e3fa
17 http request GET https://registry.npmjs.org/node
18 http 200 https://registry.npmjs.org/node
19 verbose headers { date: 'Thu, 24 Oct 2019 08:22:08 GMT',
19 verbose headers   'content-type': 'application/json',
19 verbose headers   'transfer-encoding': 'chunked',
19 verbose headers   connection: 'keep-alive',
19 verbose headers   'set-cookie':
19 verbose headers    [ '__cfduid=d1d1e441d7e9dc5ccc5e0aaa56613675b1571905328; expires=Fri, 23-Oct-20 08:22:08 GMT; path=/; domain=.npmjs.org; HttpOnly' ],
19 verbose headers   'cf-cache-status': 'HIT',
19 verbose headers   'cache-control': 'max-age=300',
19 verbose headers   'cf-ray': '52aa8a911ea3ce6b-LHR',
19 verbose headers   age: '6560',
19 verbose headers   etag: 'W/"12a83ac13d2d40a9eef81bb0c1167f8c"',
19 verbose headers   'expect-ct': 'max-age=604800, report-uri="https://report-uri.cloudflare.com/cdn-cgi/beacon/expect-ct"',
19 verbose headers   'last-modified': 'Sat, 12 Oct 2019 00:10:54 GMT',
19 verbose headers   vary: 'accept-encoding, accept',
19 verbose headers   'x-amz-meta-rev': '503-fa4cc6a1060c275c61b2d5e90e889a11',
19 verbose headers   server: 'cloudflare',
19 verbose headers   'content-encoding': 'gzip' }
20 silly get cb [ 200,
20 silly get   { date: 'Thu, 24 Oct 2019 08:22:08 GMT',
20 silly get     'content-type': 'application/json',
20 silly get     'transfer-encoding': 'chunked',
20 silly get     connection: 'keep-alive',
20 silly get     'set-cookie':
20 silly get      [ '__cfduid=d1d1e441d7e9dc5ccc5e0aaa56613675b1571905328; expires=Fri, 23-Oct-20 08:22:08 GMT; path=/; domain=.npmjs.org; HttpOnly' ],
20 silly get     'cf-cache-status': 'HIT',
20 silly get     'cache-control': 'max-age=300',
20 silly get     'cf-ray': '52aa8a911ea3ce6b-LHR',
20 silly get     age: '6560',
20 silly get     etag: 'W/"12a83ac13d2d40a9eef81bb0c1167f8c"',
20 silly get     'expect-ct': 'max-age=604800, report-uri="https://report-uri.cloudflare.com/cdn-cgi/beacon/expect-ct"',
20 silly get     'last-modified': 'Sat, 12 Oct 2019 00:10:54 GMT',
20 silly get     vary: 'accept-encoding, accept',
20 silly get     'x-amz-meta-rev': '503-fa4cc6a1060c275c61b2d5e90e889a11',
20 silly get     server: 'cloudflare',
20 silly get     'content-encoding': 'gzip' } ]
21 verbose get saving node to /home/will/.npm/registry.npmjs.org/node/.cache.json
22 verbose makeDirectory /home/will/.npm creation not in flight; initializing
23 silly makeDirectory /home/will/.npm uid: 1000 gid: 1000
24 silly install normalizeTree
25 silly loadCurrentTree Finishing
26 silly loadIdealTree Starting
27 silly install loadIdealTree
28 silly cloneCurrentTree Starting
29 silly install cloneCurrentTreeToIdealTree
30 silly cloneCurrentTree Finishing
31 silly loadShrinkwrap Starting
32 silly install loadShrinkwrap
33 silly loadShrinkwrap Finishing
34 silly loadAllDepsIntoIdealTree Starting
35 silly install loadAllDepsIntoIdealTree
36 silly resolveWithNewModule node@12.12.0 checking installable status
37 silly cache add args [ 'node', null ]
38 verbose cache add spec node
39 silly cache add parsed spec Result {
39 silly cache add   raw: 'node',
39 silly cache add   scope: null,
39 silly cache add   name: 'node',
39 silly cache add   rawSpec: '',
39 silly cache add   spec: 'latest',
39 silly cache add   type: 'tag' }
40 silly addNamed node@latest
41 verbose addNamed "latest" is being treated as a dist-tag for node
42 info addNameTag [ 'node', 'latest' ]
43 silly mapToRegistry name node
44 silly mapToRegistry using default registry
45 silly mapToRegistry registry https://registry.npmjs.org/
46 silly mapToRegistry uri https://registry.npmjs.org/node
47 verbose addNameTag registry:https://registry.npmjs.org/node not in flight; fetching
48 verbose get https://registry.npmjs.org/node not expired, no request
49 silly addNameTag next cb for node with tag latest
50 silly addNamed node@12.12.0
51 verbose addNamed "12.12.0" is a plain semver version for node
52 silly mapToRegistry name node
53 silly mapToRegistry using default registry
54 silly mapToRegistry registry https://registry.npmjs.org/
55 silly mapToRegistry uri https://registry.npmjs.org/node
56 verbose addRemoteTarball https://registry.npmjs.org/node/-/node-12.12.0.tgz not in flight; adding
57 verbose addRemoteTarball [ 'https://registry.npmjs.org/node/-/node-12.12.0.tgz',
57 verbose addRemoteTarball   '934f1801b3d72887d812092c92a4ed829f290f9d' ]
58 info retry fetch attempt 1 at 09:22:08
59 info attempt registry request try #1 at 09:22:08
60 http fetch GET https://registry.npmjs.org/node/-/node-12.12.0.tgz
61 http fetch 200 https://registry.npmjs.org/node/-/node-12.12.0.tgz
62 silly fetchAndShaCheck shasum 934f1801b3d72887d812092c92a4ed829f290f9d
63 verbose addTmpTarball /tmp/npm-6451-d5b3096e/registry.npmjs.org/node/-/node-12.12.0.tgz not in flight; adding
64 verbose addTmpTarball already have metadata; skipping unpack for node@12.12.0
65 silly cache afterAdd node@12.12.0
66 verbose afterAdd /home/will/.npm/node/12.12.0/package/package.json not in flight; writing
67 verbose afterAdd /home/will/.npm/node/12.12.0/package/package.json written
68 silly fetchNamedPackageData node-bin-setup
69 silly mapToRegistry name node-bin-setup
70 silly mapToRegistry using default registry
71 silly mapToRegistry registry https://registry.npmjs.org/
72 silly mapToRegistry uri https://registry.npmjs.org/node-bin-setup
73 verbose request uri https://registry.npmjs.org/node-bin-setup
74 verbose request no auth needed
75 info attempt registry request try #1 at 09:22:09
76 http request GET https://registry.npmjs.org/node-bin-setup
77 http 200 https://registry.npmjs.org/node-bin-setup
78 verbose headers { date: 'Thu, 24 Oct 2019 08:22:08 GMT',
78 verbose headers   'content-type': 'application/json; charset=UTF-8',
78 verbose headers   'transfer-encoding': 'chunked',
78 verbose headers   connection: 'keep-alive',
78 verbose headers   'set-cookie':
78 verbose headers    [ '__cfduid=d1d1e441d7e9dc5ccc5e0aaa56613675b1571905328; expires=Fri, 23-Oct-20 08:22:08 GMT; path=/; domain=.npmjs.org; HttpOnly' ],
78 verbose headers   'cf-cache-status': 'HIT',
78 verbose headers   'cache-control': 'max-age=300',
78 verbose headers   'cf-ray': '52aa8a9229d3ce6b-LHR',
78 verbose headers   age: '6553',
78 verbose headers   etag: 'W/"696d6ec470fda56a33885508a280edab"',
78 verbose headers   'expect-ct': 'max-age=604800, report-uri="https://report-uri.cloudflare.com/cdn-cgi/beacon/expect-ct"',
78 verbose headers   'last-modified': 'Sun, 27 May 2018 09:55:03 GMT',
78 verbose headers   vary: 'accept-encoding, accept',
78 verbose headers   server: 'cloudflare',
78 verbose headers   'content-encoding': 'gzip' }
79 silly get cb [ 200,
79 silly get   { date: 'Thu, 24 Oct 2019 08:22:08 GMT',
79 silly get     'content-type': 'application/json; charset=UTF-8',
79 silly get     'transfer-encoding': 'chunked',
79 silly get     connection: 'keep-alive',
79 silly get     'set-cookie':
79 silly get      [ '__cfduid=d1d1e441d7e9dc5ccc5e0aaa56613675b1571905328; expires=Fri, 23-Oct-20 08:22:08 GMT; path=/; domain=.npmjs.org; HttpOnly' ],
79 silly get     'cf-cache-status': 'HIT',
79 silly get     'cache-control': 'max-age=300',
79 silly get     'cf-ray': '52aa8a9229d3ce6b-LHR',
79 silly get     age: '6553',
79 silly get     etag: 'W/"696d6ec470fda56a33885508a280edab"',
79 silly get     'expect-ct': 'max-age=604800, report-uri="https://report-uri.cloudflare.com/cdn-cgi/beacon/expect-ct"',
79 silly get     'last-modified': 'Sun, 27 May 2018 09:55:03 GMT',
79 silly get     vary: 'accept-encoding, accept',
79 silly get     server: 'cloudflare',
79 silly get     'content-encoding': 'gzip' } ]
80 verbose get saving node-bin-setup to /home/will/.npm/registry.npmjs.org/node-bin-setup/.cache.json
81 silly resolveWithNewModule node-bin-setup@1.0.6 checking installable status
82 silly cache add args [ 'node-bin-setup@^1.0.0', null ]
83 verbose cache add spec node-bin-setup@^1.0.0
84 silly cache add parsed spec Result {
84 silly cache add   raw: 'node-bin-setup@^1.0.0',
84 silly cache add   scope: null,
84 silly cache add   name: 'node-bin-setup',
84 silly cache add   rawSpec: '^1.0.0',
84 silly cache add   spec: '>=1.0.0 <2.0.0',
84 silly cache add   type: 'range' }
85 silly addNamed node-bin-setup@>=1.0.0 <2.0.0
86 verbose addNamed ">=1.0.0 <2.0.0" is a valid semver range for node-bin-setup
87 silly addNameRange { name: 'node-bin-setup',
87 silly addNameRange   range: '>=1.0.0 <2.0.0',
87 silly addNameRange   hasData: false }
88 silly mapToRegistry name node-bin-setup
89 silly mapToRegistry using default registry
90 silly mapToRegistry registry https://registry.npmjs.org/
91 silly mapToRegistry uri https://registry.npmjs.org/node-bin-setup
92 verbose addNameRange registry:https://registry.npmjs.org/node-bin-setup not in flight; fetching
93 verbose get https://registry.npmjs.org/node-bin-setup not expired, no request
94 silly addNameRange number 2 { name: 'node-bin-setup',
94 silly addNameRange   range: '>=1.0.0 <2.0.0',
94 silly addNameRange   hasData: true }
95 silly addNameRange versions [ 'node-bin-setup',
95 silly addNameRange   [ '1.0.0', '1.0.1', '1.0.2', '1.0.3', '1.0.4', '1.0.6' ] ]
96 silly addNamed node-bin-setup@1.0.6
97 verbose addNamed "1.0.6" is a plain semver version for node-bin-setup
98 silly mapToRegistry name node-bin-setup
99 silly mapToRegistry using default registry
100 silly mapToRegistry registry https://registry.npmjs.org/
101 silly mapToRegistry uri https://registry.npmjs.org/node-bin-setup
102 verbose addRemoteTarball https://registry.npmjs.org/node-bin-setup/-/node-bin-setup-1.0.6.tgz not in flight; adding
103 verbose addRemoteTarball [ 'https://registry.npmjs.org/node-bin-setup/-/node-bin-setup-1.0.6.tgz',
103 verbose addRemoteTarball   '4b5c9bb937ece702d7069b36ca78af4684677528' ]
104 info retry fetch attempt 1 at 09:22:09
105 info attempt registry request try #1 at 09:22:09
106 http fetch GET https://registry.npmjs.org/node-bin-setup/-/node-bin-setup-1.0.6.tgz
107 http fetch 200 https://registry.npmjs.org/node-bin-setup/-/node-bin-setup-1.0.6.tgz
108 silly fetchAndShaCheck shasum 4b5c9bb937ece702d7069b36ca78af4684677528
109 verbose addTmpTarball /tmp/npm-6451-d5b3096e/registry.npmjs.org/node-bin-setup/-/node-bin-setup-1.0.6.tgz not in flight; adding
110 verbose addTmpTarball already have metadata; skipping unpack for node-bin-setup@1.0.6
111 silly cache afterAdd node-bin-setup@1.0.6
112 verbose afterAdd /home/will/.npm/node-bin-setup/1.0.6/package/package.json not in flight; writing
113 verbose afterAdd /home/will/.npm/node-bin-setup/1.0.6/package/package.json written
114 silly loadAllDepsIntoIdealTree Finishing
115 silly idealTree:prePrune webdevPractice
115 silly idealTree:prePrune ├── node-bin-setup@1.0.6
115 silly idealTree:prePrune └── node@12.12.0
116 silly loadIdealTree Finishing
117 silly currentTree webdevPractice
118 silly idealTree webdevPractice
118 silly idealTree ├── node-bin-setup@1.0.6
118 silly idealTree └── node@12.12.0
119 silly generateActionsToTake Starting
120 silly install generateActionsToTake
121 silly generateActionsToTake Finishing
122 silly diffTrees action count 2
123 silly diffTrees add node-bin-setup@1.0.6
124 silly diffTrees add node@12.12.0
125 silly decomposeActions action count 16
126 silly decomposeActions fetch node-bin-setup@1.0.6
127 silly decomposeActions extract node-bin-setup@1.0.6
128 silly decomposeActions test node-bin-setup@1.0.6
129 silly decomposeActions preinstall node-bin-setup@1.0.6
130 silly decomposeActions build node-bin-setup@1.0.6
131 silly decomposeActions install node-bin-setup@1.0.6
132 silly decomposeActions postinstall node-bin-setup@1.0.6
133 silly decomposeActions finalize node-bin-setup@1.0.6
134 silly decomposeActions fetch node@12.12.0
135 silly decomposeActions extract node@12.12.0
136 silly decomposeActions test node@12.12.0
137 silly decomposeActions preinstall node@12.12.0
138 silly decomposeActions build node@12.12.0
139 silly decomposeActions install node@12.12.0
140 silly decomposeActions postinstall node@12.12.0
141 silly decomposeActions finalize node@12.12.0
142 silly executeActions Starting
143 silly install executeActions
144 silly doSerial global-install 0
145 silly doParallel fetch 2
146 verbose makeDirectory /home/will/.npm/_locks creation not in flight; initializing
147 silly makeDirectory /home/will/.npm/_locks uid: 1000 gid: 1000
148 verbose lock using /home/will/.npm/_locks/staging-0200806534a897bb.lock for /home/will/Repositories/webdevPractice/node_modules/.staging
149 silly doParallel extract 2
150 silly extract node-bin-setup@1.0.6
151 silly extract node@12.12.0
152 verbose unbuild node_modules/.staging/node-bin-setup-7f9abce4
153 silly gentlyRm /home/will/Repositories/webdevPractice/node_modules/.staging/node-bin-setup-7f9abce4 is being purged from base /home/will/Repositories/webdevPractice
154 verbose gentlyRm don't care about contents; nuking /home/will/Repositories/webdevPractice/node_modules/.staging/node-bin-setup-7f9abce4
155 verbose unbuild node_modules/.staging/node-b9a986a8
156 verbose tar unpack /home/will/.npm/node-bin-setup/1.0.6/package.tgz
157 verbose tar unpacking to /home/will/Repositories/webdevPractice/node_modules/.staging/node-bin-setup-7f9abce4
158 silly gentlyRm /home/will/Repositories/webdevPractice/node_modules/.staging/node-bin-setup-7f9abce4 is being purged
159 verbose gentlyRm don't care about contents; nuking /home/will/Repositories/webdevPractice/node_modules/.staging/node-bin-setup-7f9abce4
160 silly gunzTarPerm modes [ '755', '644' ]
161 silly gentlyRm /home/will/Repositories/webdevPractice/node_modules/.staging/node-b9a986a8 is being purged from base /home/will/Repositories/webdevPractice
162 verbose gentlyRm don't care about contents; nuking /home/will/Repositories/webdevPractice/node_modules/.staging/node-b9a986a8
163 verbose tar unpack /home/will/.npm/node/12.12.0/package.tgz
164 verbose tar unpacking to /home/will/Repositories/webdevPractice/node_modules/.staging/node-b9a986a8
165 silly gentlyRm /home/will/Repositories/webdevPractice/node_modules/.staging/node-b9a986a8 is being purged
166 verbose gentlyRm don't care about contents; nuking /home/will/Repositories/webdevPractice/node_modules/.staging/node-b9a986a8
167 silly gunzTarPerm modes [ '755', '644' ]
168 silly gunzTarPerm extractEntry package.json
169 silly gunzTarPerm extractEntry installArchSpecificPackage.js
170 silly gunzTarPerm extractEntry index.js
171 silly gunzTarPerm extractEntry package.json
172 silly gunzTarPerm extractEntry README.md
173 silly gentlyRm /home/will/Repositories/webdevPractice/node_modules/.staging/node-bin-setup-7f9abce4/node_modules is being purged
174 verbose gentlyRm don't care about contents; nuking /home/will/Repositories/webdevPractice/node_modules/.staging/node-bin-setup-7f9abce4/node_modules
175 silly gentlyRm /home/will/Repositories/webdevPractice/node_modules/.staging/node-b9a986a8/node_modules is being purged
176 verbose gentlyRm don't care about contents; nuking /home/will/Repositories/webdevPractice/node_modules/.staging/node-b9a986a8/node_modules
177 silly doParallel preinstall 2
178 silly preinstall node-bin-setup@1.0.6 /home/will/Repositories/webdevPractice/node_modules/.staging/node-bin-setup-7f9abce4
179 info lifecycle node-bin-setup@1.0.6~preinstall: node-bin-setup@1.0.6
180 silly preinstall node@12.12.0 /home/will/Repositories/webdevPractice/node_modules/.staging/node-b9a986a8
181 info lifecycle node@12.12.0~preinstall: node@12.12.0
182 silly lifecycle node-bin-setup@1.0.6~preinstall: no script for preinstall, continuing
183 verbose lifecycle node@12.12.0~preinstall: unsafe-perm in lifecycle true
184 verbose lifecycle node@12.12.0~preinstall: PATH: /usr/share/npm/bin/node-gyp-bin:/home/will/Repositories/webdevPractice/node_modules/.staging/node-b9a986a8/node_modules/.bin:/home/will/Repositories/webdevPractice/node_modules/.bin:/home/will/Repositories/webdevPractice/venv/bin:/usr/local/sbin:/usr/local/bin:/usr/sbin:/usr/bin:/sbin:/bin:/usr/games:/usr/local/games:/snap/bin
185 verbose lifecycle node@12.12.0~preinstall: CWD: /home/will/Repositories/webdevPractice/node_modules/.staging/node-b9a986a8
186 silly lifecycle node@12.12.0~preinstall: Args: [ '-c', 'node installArchSpecificPackage' ]
187 silly lifecycle node@12.12.0~preinstall: Returned: code: 1  signal: null
188 info lifecycle node@12.12.0~preinstall: Failed to exec preinstall script
189 verbose unlock done using /home/will/.npm/_locks/staging-0200806534a897bb.lock for /home/will/Repositories/webdevPractice/node_modules/.staging
190 silly rollbackFailedOptional Starting
191 silly rollbackFailedOptional Finishing
192 silly runTopLevelLifecycles Starting
193 silly runTopLevelLifecycles Finishing
194 silly install printInstalled
195 warn enoent ENOENT: no such file or directory, open '/home/will/Repositories/webdevPractice/package.json'
196 warn webdevPractice No description
197 warn webdevPractice No repository field.
198 warn webdevPractice No README data
199 warn webdevPractice No license field.
200 verbose stack Error: node@12.12.0 preinstall: `node installArchSpecificPackage`
200 verbose stack Exit status 1
200 verbose stack     at EventEmitter.<anonymous> (/usr/share/npm/lib/utils/lifecycle.js:232:16)
200 verbose stack     at emitTwo (events.js:126:13)
200 verbose stack     at EventEmitter.emit (events.js:214:7)
200 verbose stack     at ChildProcess.<anonymous> (/usr/share/npm/lib/utils/spawn.js:24:14)
200 verbose stack     at emitTwo (events.js:126:13)
200 verbose stack     at ChildProcess.emit (events.js:214:7)
200 verbose stack     at maybeClose (internal/child_process.js:925:16)
200 verbose stack     at Process.ChildProcess._handle.onexit (internal/child_process.js:209:5)
201 verbose pkgid node@12.12.0
202 verbose cwd /home/will/Repositories/webdevPractice
203 error Linux 5.0.0-32-generic
204 error argv "/usr/bin/node" "/usr/bin/npm" "install" "node"
205 error node v8.10.0
206 error npm  v3.5.2
207 error code ELIFECYCLE
208 error node@12.12.0 preinstall: `node installArchSpecificPackage`
208 error Exit status 1
209 error Failed at the node@12.12.0 preinstall script 'node installArchSpecificPackage'.
209 error Make sure you have the latest version of node.js and npm installed.
209 error If you do, this is most likely a problem with the node package,
209 error not with npm itself.
209 error Tell the author that this fails on your system:
209 error     node installArchSpecificPackage
209 error You can get information on how to open an issue for this project with:
209 error     npm bugs node
209 error Or if that isn't available, you can get their info via:
209 error     npm owner ls node
209 error There is likely additional logging output above.
210 verbose exit [ 1, true ]
